<?xml version="1.0" encoding="UTF-8"?>
<robot generator="Robot 7.2.2 (Python 3.13.3 on win32)" generated="2025-05-30T16:54:06.193385" rpa="false" schemaversion="5">
<suite id="s1" name="Tests" source="D:\Team-Agile_Avengers\Smartcliff_AA\Tests">
<suite id="s1-s1" name="BusinessServiceExcelTest" source="D:\Team-Agile_Avengers\Smartcliff_AA\Tests\BusinessServiceExcelTest.robot">
<test id="s1-s1-t1" name="validate add business service with invalid data" line="18">
<kw name="Open the website with the browser" owner="GenericResources" type="SETUP">
<kw name="Open Browser" owner="SeleniumLibrary">
<msg time="2025-05-30T16:54:10.106842" level="INFO">Opening browser 'chrome' to base url 'https://smart-cliff-admin.vercel.app/'.</msg>
<arg>${url}</arg>
<arg>${browser}</arg>
<doc>Opens a new browser instance to the optional ``url``.</doc>
<status status="PASS" start="2025-05-30T16:54:10.106580" elapsed="5.178012"/>
</kw>
<kw name="Maximize Browser Window" owner="SeleniumLibrary">
<doc>Maximizes current browser window.</doc>
<status status="PASS" start="2025-05-30T16:54:15.285046" elapsed="0.048342"/>
</kw>
<kw name="Set Browser Implicit Wait" owner="SeleniumLibrary">
<arg>15s</arg>
<doc>Sets the implicit wait value used by Selenium.</doc>
<status status="PASS" start="2025-05-30T16:54:15.333576" elapsed="0.001373"/>
</kw>
<kw name="Set Selenium Implicit Wait" owner="SeleniumLibrary">
<arg>15s</arg>
<doc>Sets the implicit wait value used by Selenium.</doc>
<status status="PASS" start="2025-05-30T16:54:15.335165" elapsed="0.003039"/>
</kw>
<kw name="Set Selenium Timeout" owner="SeleniumLibrary">
<arg>15s</arg>
<doc>Sets the timeout that is used by various keywords.</doc>
<status status="PASS" start="2025-05-30T16:54:15.338605" elapsed="0.004376"/>
</kw>
<status status="PASS" start="2025-05-30T16:54:10.105754" elapsed="5.237393"/>
</kw>
<kw name="validate add business service with invalid data">
<kw name="Login with valid credentials" owner="LoginPage">
<kw name="Input Text" owner="SeleniumLibrary">
<msg time="2025-05-30T16:54:15.347231" level="INFO">Typing text '2k21eee09@kiot.ac.in' into text field 'css:input[id='signin-email']'.</msg>
<arg>${user_email_field}</arg>
<arg>${common_user}</arg>
<doc>Types the given ``text`` into the text field identified by ``locator``.</doc>
<status status="PASS" start="2025-05-30T16:54:15.345756" elapsed="0.321416"/>
</kw>
<kw name="Input Password" owner="SeleniumLibrary">
<msg time="2025-05-30T16:54:15.668329" level="INFO">Typing password into text field 'css:input[id='signin-password']'.</msg>
<msg time="2025-05-30T16:54:15.809846" level="INFO">Temporally setting log level to: NONE</msg>
<arg>${user_password}</arg>
<arg>${common_password}</arg>
<doc>Types the given password into the text field identified by ``locator``.</doc>
<status status="PASS" start="2025-05-30T16:54:15.667754" elapsed="0.384734"/>
</kw>
<kw name="Click Button" owner="SeleniumLibrary">
<msg time="2025-05-30T16:54:16.053027" level="INFO">Clicking button 'css:button[id='signin-submit']'.</msg>
<arg>${login_btn}</arg>
<doc>Clicks the button identified by ``locator``.</doc>
<status status="PASS" start="2025-05-30T16:54:16.052733" elapsed="0.155157"/>
</kw>
<arg>${common_user}</arg>
<arg>${common_password}</arg>
<status status="PASS" start="2025-05-30T16:54:15.345385" elapsed="0.862645"/>
</kw>
<kw name="Click the Home Button" owner="HomePage">
<kw name="Click Element" owner="SeleniumLibrary">
<msg time="2025-05-30T16:54:16.208676" level="INFO">Clicking element 'css:svg[data-testid='MenuIcon']'.</msg>
<arg>${Home_Btn}</arg>
<doc>Click the element identified by ``locator``.</doc>
<status status="PASS" start="2025-05-30T16:54:16.208527" elapsed="4.085116"/>
</kw>
<status status="PASS" start="2025-05-30T16:54:16.208250" elapsed="4.085656"/>
</kw>
<kw name="Click the Service Button" owner="HomePage">
<kw name="Click Element" owner="SeleniumLibrary">
<msg time="2025-05-30T16:54:20.295374" level="INFO">Clicking element 'xpath://div[@id='drawer']/div/ul/li[2]//following-sibling::li[1]/div[1]'.</msg>
<arg>${service_Btn}</arg>
<doc>Click the element identified by ``locator``.</doc>
<status status="PASS" start="2025-05-30T16:54:20.294989" elapsed="0.122150"/>
</kw>
<status status="PASS" start="2025-05-30T16:54:20.294389" elapsed="0.122901"/>
</kw>
<kw name="Click the Business Services" owner="HomePage">
<kw name="Click Element" owner="SeleniumLibrary">
<msg time="2025-05-30T16:54:20.418330" level="INFO">Clicking element 'xpath://div[@id='drawer']/div/ul/li[2]//following-sibling::li[1]/div[2]/div/div/div/div[1]'.</msg>
<arg>${business_service}</arg>
<doc>Click the element identified by ``locator``.</doc>
<status status="PASS" start="2025-05-30T16:54:20.418040" elapsed="0.232508"/>
</kw>
<status status="PASS" start="2025-05-30T16:54:20.417556" elapsed="0.233187"/>
</kw>
<kw name="Click Button" owner="SeleniumLibrary">
<msg time="2025-05-30T16:54:20.651257" level="INFO">Clicking button 'xpath=//button[@class='MuiButtonBase-root MuiButton-root MuiButton-contained MuiButton-containedPrimary MuiButton-sizeMedium MuiButton-containedSizeMedium MuiButton-root MuiButton-contained MuiButton-containedPrimary MuiButton-sizeMedium MuiButton-containedSizeMedium css-1ia5r0']'.</msg>
<arg>${Add_Business_Service_Button}</arg>
<doc>Clicks the button identified by ``locator``.</doc>
<status status="PASS" start="2025-05-30T16:54:20.650968" elapsed="0.655950"/>
</kw>
<kw name="Input Text" owner="SeleniumLibrary">
<msg time="2025-05-30T16:54:21.307693" level="INFO">Typing text 'bus' into text field 'name:name'.</msg>
<arg>${name}</arg>
<arg>${name1}</arg>
<doc>Types the given ``text`` into the text field identified by ``locator``.</doc>
<status status="PASS" start="2025-05-30T16:54:21.307315" elapsed="0.128622"/>
</kw>
<kw name="Input Text" owner="SeleniumLibrary">
<msg time="2025-05-30T16:54:21.436687" level="INFO">Typing text '' into text field 'name:title'.</msg>
<arg>${title}</arg>
<arg>${title1}</arg>
<doc>Types the given ``text`` into the text field identified by ``locator``.</doc>
<status status="PASS" start="2025-05-30T16:54:21.436190" elapsed="0.111493"/>
</kw>
<kw name="Input Text" owner="SeleniumLibrary">
<msg time="2025-05-30T16:54:21.548377" level="INFO">Typing text 'buss' into text field 'xpath=(//textarea[@class='MuiInputBase-input MuiOutlinedInput-input MuiInputBase-inputMultiline css-u36398'])[1]'.</msg>
<arg>${description}</arg>
<arg>${description1}</arg>
<doc>Types the given ``text`` into the text field identified by ``locator``.</doc>
<status status="PASS" start="2025-05-30T16:54:21.547983" elapsed="0.146717"/>
</kw>
<kw name="Input Text" owner="SeleniumLibrary">
<msg time="2025-05-30T16:54:21.695572" level="INFO">Typing text 'sag' into text field 'name:slug'.</msg>
<arg>${slug}</arg>
<arg>${slug1}</arg>
<doc>Types the given ``text`` into the text field identified by ``locator``.</doc>
<status status="PASS" start="2025-05-30T16:54:21.695089" elapsed="0.156537"/>
</kw>
<kw name="Click Button" owner="SeleniumLibrary">
<msg time="2025-05-30T16:54:21.852229" level="INFO">Clicking button 'xpath=//button[@type='submit']'.</msg>
<arg>xpath=//button[@type='submit']</arg>
<doc>Clicks the button identified by ``locator``.</doc>
<status status="PASS" start="2025-05-30T16:54:21.851848" elapsed="0.127041"/>
</kw>
<if>
<branch type="IF" condition="'${title1}' == ''">
<kw name="Element Text Should Be" owner="SeleniumLibrary">
<msg time="2025-05-30T16:54:21.980920" level="INFO">Verifying element 'xpath=//p[text()='Title is required']' contains exact text 'Title is required'.</msg>
<arg>xpath=//p[text()='Title is required']</arg>
<arg>Title is required</arg>
<doc>Verifies that element ``locator`` contains exact the text ``expected``.</doc>
<status status="PASS" start="2025-05-30T16:54:21.980529" elapsed="0.044476"/>
</kw>
<status status="PASS" start="2025-05-30T16:54:21.979282" elapsed="0.045932"/>
</branch>
<branch type="ELSE IF" condition="'${name1}' == ''">
<kw name="Element Text Should Be" owner="SeleniumLibrary">
<arg>xpath=//p[text()='Name is required']</arg>
<arg>Name is required</arg>
<doc>Verifies that element ``locator`` contains exact the text ``expected``.</doc>
<status status="NOT RUN" start="2025-05-30T16:54:22.025603" elapsed="0.000067"/>
</kw>
<status status="NOT RUN" start="2025-05-30T16:54:22.025343" elapsed="0.000671"/>
</branch>
<branch type="ELSE IF" condition="'${description1}' == ''">
<kw name="Element Text Should Be" owner="SeleniumLibrary">
<arg>xpath=//p[text()='Description is required']</arg>
<arg>Description is required</arg>
<doc>Verifies that element ``locator`` contains exact the text ``expected``.</doc>
<status status="NOT RUN" start="2025-05-30T16:54:22.026326" elapsed="0.000039"/>
</kw>
<status status="NOT RUN" start="2025-05-30T16:54:22.026165" elapsed="0.000257"/>
</branch>
<branch type="ELSE IF" condition="'${slug1}' == ''">
<kw name="Element Text Should Be" owner="SeleniumLibrary">
<arg>xpath=//p[text()='Slug is required']</arg>
<arg>Slug is required</arg>
<doc>Verifies that element ``locator`` contains exact the text ``expected``.</doc>
<status status="NOT RUN" start="2025-05-30T16:54:22.026581" elapsed="0.000061"/>
</kw>
<status status="NOT RUN" start="2025-05-30T16:54:22.026465" elapsed="0.000233"/>
</branch>
<status status="PASS" start="2025-05-30T16:54:21.979214" elapsed="0.047530"/>
</if>
<arg>name1=bus</arg>
<arg>title1=</arg>
<arg>description1=buss</arg>
<arg>slug1=sag</arg>
<status status="PASS" start="2025-05-30T16:54:15.344632" elapsed="6.682204"/>
</kw>
<kw name="Close Browser Session" owner="GenericResources" type="TEARDOWN">
<kw name="Close All Browsers" owner="SeleniumLibrary">
<doc>Closes all open browsers and resets the browser cache.</doc>
<status status="PASS" start="2025-05-30T16:54:22.028382" elapsed="2.265335"/>
</kw>
<status status="PASS" start="2025-05-30T16:54:22.027857" elapsed="2.266125"/>
</kw>
<status status="PASS" start="2025-05-30T16:54:10.104137" elapsed="14.190922"/>
</test>
<test id="s1-s1-t2" name="validate add business service with invalid data" line="18">
<kw name="Open the website with the browser" owner="GenericResources" type="SETUP">
<kw name="Open Browser" owner="SeleniumLibrary">
<msg time="2025-05-30T16:54:24.313736" level="INFO">Opening browser 'chrome' to base url 'https://smart-cliff-admin.vercel.app/'.</msg>
<arg>${url}</arg>
<arg>${browser}</arg>
<doc>Opens a new browser instance to the optional ``url``.</doc>
<status status="PASS" start="2025-05-30T16:54:24.312538" elapsed="4.041348"/>
</kw>
<kw name="Maximize Browser Window" owner="SeleniumLibrary">
<doc>Maximizes current browser window.</doc>
<status status="PASS" start="2025-05-30T16:54:28.354217" elapsed="0.042720"/>
</kw>
<kw name="Set Browser Implicit Wait" owner="SeleniumLibrary">
<arg>15s</arg>
<doc>Sets the implicit wait value used by Selenium.</doc>
<status status="PASS" start="2025-05-30T16:54:28.397172" elapsed="0.001464"/>
</kw>
<kw name="Set Selenium Implicit Wait" owner="SeleniumLibrary">
<arg>15s</arg>
<doc>Sets the implicit wait value used by Selenium.</doc>
<status status="PASS" start="2025-05-30T16:54:28.398819" elapsed="0.001129"/>
</kw>
<kw name="Set Selenium Timeout" owner="SeleniumLibrary">
<arg>15s</arg>
<doc>Sets the timeout that is used by various keywords.</doc>
<status status="PASS" start="2025-05-30T16:54:28.400200" elapsed="0.001511"/>
</kw>
<status status="PASS" start="2025-05-30T16:54:24.312101" elapsed="4.089742"/>
</kw>
<kw name="validate add business service with invalid data">
<kw name="Login with valid credentials" owner="LoginPage">
<kw name="Input Text" owner="SeleniumLibrary">
<msg time="2025-05-30T16:54:28.405207" level="INFO">Typing text '2k21eee09@kiot.ac.in' into text field 'css:input[id='signin-email']'.</msg>
<arg>${user_email_field}</arg>
<arg>${common_user}</arg>
<doc>Types the given ``text`` into the text field identified by ``locator``.</doc>
<status status="PASS" start="2025-05-30T16:54:28.404181" elapsed="0.322743"/>
</kw>
<kw name="Input Password" owner="SeleniumLibrary">
<msg time="2025-05-30T16:54:28.727618" level="INFO">Typing password into text field 'css:input[id='signin-password']'.</msg>
<msg time="2025-05-30T16:54:28.827326" level="INFO">Temporally setting log level to: NONE</msg>
<arg>${user_password}</arg>
<arg>${common_password}</arg>
<doc>Types the given password into the text field identified by ``locator``.</doc>
<status status="PASS" start="2025-05-30T16:54:28.727283" elapsed="0.248409"/>
</kw>
<kw name="Click Button" owner="SeleniumLibrary">
<msg time="2025-05-30T16:54:28.978296" level="INFO">Clicking button 'css:button[id='signin-submit']'.</msg>
<arg>${login_btn}</arg>
<doc>Clicks the button identified by ``locator``.</doc>
<status status="PASS" start="2025-05-30T16:54:28.977160" elapsed="0.144239"/>
</kw>
<arg>${common_user}</arg>
<arg>${common_password}</arg>
<status status="PASS" start="2025-05-30T16:54:28.403316" elapsed="0.718296"/>
</kw>
<kw name="Click the Home Button" owner="HomePage">
<kw name="Click Element" owner="SeleniumLibrary">
<msg time="2025-05-30T16:54:29.123021" level="INFO">Clicking element 'css:svg[data-testid='MenuIcon']'.</msg>
<arg>${Home_Btn}</arg>
<doc>Click the element identified by ``locator``.</doc>
<status status="PASS" start="2025-05-30T16:54:29.122513" elapsed="3.192380"/>
</kw>
<status status="PASS" start="2025-05-30T16:54:29.121937" elapsed="3.193334"/>
</kw>
<kw name="Click the Service Button" owner="HomePage">
<kw name="Click Element" owner="SeleniumLibrary">
<msg time="2025-05-30T16:54:32.317115" level="INFO">Clicking element 'xpath://div[@id='drawer']/div/ul/li[2]//following-sibling::li[1]/div[1]'.</msg>
<arg>${service_Btn}</arg>
<doc>Click the element identified by ``locator``.</doc>
<status status="PASS" start="2025-05-30T16:54:32.316604" elapsed="0.118360"/>
</kw>
<status status="PASS" start="2025-05-30T16:54:32.315979" elapsed="0.119180"/>
</kw>
<kw name="Click the Business Services" owner="HomePage">
<kw name="Click Element" owner="SeleniumLibrary">
<msg time="2025-05-30T16:54:32.436487" level="INFO">Clicking element 'xpath://div[@id='drawer']/div/ul/li[2]//following-sibling::li[1]/div[2]/div/div/div/div[1]'.</msg>
<arg>${business_service}</arg>
<doc>Click the element identified by ``locator``.</doc>
<status status="PASS" start="2025-05-30T16:54:32.436177" elapsed="0.158416"/>
</kw>
<status status="PASS" start="2025-05-30T16:54:32.435573" elapsed="0.159531"/>
</kw>
<kw name="Click Button" owner="SeleniumLibrary">
<msg time="2025-05-30T16:54:32.596072" level="INFO">Clicking button 'xpath=//button[@class='MuiButtonBase-root MuiButton-root MuiButton-contained MuiButton-containedPrimary MuiButton-sizeMedium MuiButton-containedSizeMedium MuiButton-root MuiButton-contained MuiButton-containedPrimary MuiButton-sizeMedium MuiButton-containedSizeMedium css-1ia5r0']'.</msg>
<arg>${Add_Business_Service_Button}</arg>
<doc>Clicks the button identified by ``locator``.</doc>
<status status="PASS" start="2025-05-30T16:54:32.595448" elapsed="1.020853"/>
</kw>
<kw name="Input Text" owner="SeleniumLibrary">
<msg time="2025-05-30T16:54:33.616764" level="INFO">Typing text '' into text field 'name:name'.</msg>
<arg>${name}</arg>
<arg>${name1}</arg>
<doc>Types the given ``text`` into the text field identified by ``locator``.</doc>
<status status="PASS" start="2025-05-30T16:54:33.616536" elapsed="0.066155"/>
</kw>
<kw name="Input Text" owner="SeleniumLibrary">
<msg time="2025-05-30T16:54:33.683071" level="INFO">Typing text 'bus' into text field 'name:title'.</msg>
<arg>${title}</arg>
<arg>${title1}</arg>
<doc>Types the given ``text`` into the text field identified by ``locator``.</doc>
<status status="PASS" start="2025-05-30T16:54:33.682862" elapsed="0.127060"/>
</kw>
<kw name="Input Text" owner="SeleniumLibrary">
<msg time="2025-05-30T16:54:33.811076" level="INFO">Typing text 'buss' into text field 'xpath=(//textarea[@class='MuiInputBase-input MuiOutlinedInput-input MuiInputBase-inputMultiline css-u36398'])[1]'.</msg>
<arg>${description}</arg>
<arg>${description1}</arg>
<doc>Types the given ``text`` into the text field identified by ``locator``.</doc>
<status status="PASS" start="2025-05-30T16:54:33.810547" elapsed="0.117758"/>
</kw>
<kw name="Input Text" owner="SeleniumLibrary">
<msg time="2025-05-30T16:54:33.928787" level="INFO">Typing text 'bus' into text field 'name:slug'.</msg>
<arg>${slug}</arg>
<arg>${slug1}</arg>
<doc>Types the given ``text`` into the text field identified by ``locator``.</doc>
<status status="PASS" start="2025-05-30T16:54:33.928599" elapsed="0.113564"/>
</kw>
<kw name="Click Button" owner="SeleniumLibrary">
<msg time="2025-05-30T16:54:34.042491" level="INFO">Clicking button 'xpath=//button[@type='submit']'.</msg>
<arg>xpath=//button[@type='submit']</arg>
<doc>Clicks the button identified by ``locator``.</doc>
<status status="PASS" start="2025-05-30T16:54:34.042341" elapsed="0.099550"/>
</kw>
<if>
<branch type="IF" condition="'${title1}' == ''">
<kw name="Element Text Should Be" owner="SeleniumLibrary">
<arg>xpath=//p[text()='Title is required']</arg>
<arg>Title is required</arg>
<doc>Verifies that element ``locator`` contains exact the text ``expected``.</doc>
<status status="NOT RUN" start="2025-05-30T16:54:34.142384" elapsed="0.000033"/>
</kw>
<status status="NOT RUN" start="2025-05-30T16:54:34.142063" elapsed="0.000392"/>
</branch>
<branch type="ELSE IF" condition="'${name1}' == ''">
<kw name="Element Text Should Be" owner="SeleniumLibrary">
<msg time="2025-05-30T16:54:34.142779" level="INFO">Verifying element 'xpath=//p[text()='Name is required']' contains exact text 'Name is required'.</msg>
<arg>xpath=//p[text()='Name is required']</arg>
<arg>Name is required</arg>
<doc>Verifies that element ``locator`` contains exact the text ``expected``.</doc>
<status status="PASS" start="2025-05-30T16:54:34.142627" elapsed="0.025297"/>
</kw>
<status status="PASS" start="2025-05-30T16:54:34.142483" elapsed="0.025519"/>
</branch>
<branch type="ELSE IF" condition="'${description1}' == ''">
<kw name="Element Text Should Be" owner="SeleniumLibrary">
<arg>xpath=//p[text()='Description is required']</arg>
<arg>Description is required</arg>
<doc>Verifies that element ``locator`` contains exact the text ``expected``.</doc>
<status status="NOT RUN" start="2025-05-30T16:54:34.168162" elapsed="0.000022"/>
</kw>
<status status="NOT RUN" start="2025-05-30T16:54:34.168039" elapsed="0.000178"/>
</branch>
<branch type="ELSE IF" condition="'${slug1}' == ''">
<kw name="Element Text Should Be" owner="SeleniumLibrary">
<arg>xpath=//p[text()='Slug is required']</arg>
<arg>Slug is required</arg>
<doc>Verifies that element ``locator`` contains exact the text ``expected``.</doc>
<status status="NOT RUN" start="2025-05-30T16:54:34.168302" elapsed="0.000018"/>
</kw>
<status status="NOT RUN" start="2025-05-30T16:54:34.168239" elapsed="0.000109"/>
</branch>
<status status="PASS" start="2025-05-30T16:54:34.142029" elapsed="0.026341"/>
</if>
<arg>name1=</arg>
<arg>title1=bus</arg>
<arg>description1=buss</arg>
<arg>slug1=bus</arg>
<status status="PASS" start="2025-05-30T16:54:28.402724" elapsed="5.765701"/>
</kw>
<kw name="Close Browser Session" owner="GenericResources" type="TEARDOWN">
<kw name="Close All Browsers" owner="SeleniumLibrary">
<doc>Closes all open browsers and resets the browser cache.</doc>
<status status="PASS" start="2025-05-30T16:54:34.169965" elapsed="2.214367"/>
</kw>
<status status="PASS" start="2025-05-30T16:54:34.169483" elapsed="2.215055"/>
</kw>
<status status="PASS" start="2025-05-30T16:54:24.296509" elapsed="12.088678"/>
</test>
<test id="s1-s1-t3" name="validate add business service with invalid data" line="18">
<kw name="Open the website with the browser" owner="GenericResources" type="SETUP">
<kw name="Open Browser" owner="SeleniumLibrary">
<msg time="2025-05-30T16:54:36.389978" level="INFO">Opening browser 'chrome' to base url 'https://smart-cliff-admin.vercel.app/'.</msg>
<arg>${url}</arg>
<arg>${browser}</arg>
<doc>Opens a new browser instance to the optional ``url``.</doc>
<status status="PASS" start="2025-05-30T16:54:36.389797" elapsed="4.073499"/>
</kw>
<kw name="Maximize Browser Window" owner="SeleniumLibrary">
<doc>Maximizes current browser window.</doc>
<status status="PASS" start="2025-05-30T16:54:40.463535" elapsed="0.037118"/>
</kw>
<kw name="Set Browser Implicit Wait" owner="SeleniumLibrary">
<arg>15s</arg>
<doc>Sets the implicit wait value used by Selenium.</doc>
<status status="PASS" start="2025-05-30T16:54:40.500811" elapsed="0.001440"/>
</kw>
<kw name="Set Selenium Implicit Wait" owner="SeleniumLibrary">
<arg>15s</arg>
<doc>Sets the implicit wait value used by Selenium.</doc>
<status status="PASS" start="2025-05-30T16:54:40.502452" elapsed="0.001620"/>
</kw>
<kw name="Set Selenium Timeout" owner="SeleniumLibrary">
<arg>15s</arg>
<doc>Sets the timeout that is used by various keywords.</doc>
<status status="PASS" start="2025-05-30T16:54:40.504273" elapsed="0.001671"/>
</kw>
<status status="PASS" start="2025-05-30T16:54:36.389410" elapsed="4.116719"/>
</kw>
<kw name="validate add business service with invalid data">
<kw name="Login with valid credentials" owner="LoginPage">
<kw name="Input Text" owner="SeleniumLibrary">
<msg time="2025-05-30T16:54:40.508377" level="INFO">Typing text '2k21eee09@kiot.ac.in' into text field 'css:input[id='signin-email']'.</msg>
<arg>${user_email_field}</arg>
<arg>${common_user}</arg>
<doc>Types the given ``text`` into the text field identified by ``locator``.</doc>
<status status="PASS" start="2025-05-30T16:54:40.507948" elapsed="0.341332"/>
</kw>
<kw name="Input Password" owner="SeleniumLibrary">
<msg time="2025-05-30T16:54:40.849869" level="INFO">Typing password into text field 'css:input[id='signin-password']'.</msg>
<msg time="2025-05-30T16:54:40.956260" level="INFO">Temporally setting log level to: NONE</msg>
<arg>${user_password}</arg>
<arg>${common_password}</arg>
<doc>Types the given password into the text field identified by ``locator``.</doc>
<status status="PASS" start="2025-05-30T16:54:40.849553" elapsed="0.306782"/>
</kw>
<kw name="Click Button" owner="SeleniumLibrary">
<msg time="2025-05-30T16:54:41.157875" level="INFO">Clicking button 'css:button[id='signin-submit']'.</msg>
<arg>${login_btn}</arg>
<doc>Clicks the button identified by ``locator``.</doc>
<status status="PASS" start="2025-05-30T16:54:41.157084" elapsed="0.096929"/>
</kw>
<arg>${common_user}</arg>
<arg>${common_password}</arg>
<status status="PASS" start="2025-05-30T16:54:40.507528" elapsed="0.746608"/>
</kw>
<kw name="Click the Home Button" owner="HomePage">
<kw name="Click Element" owner="SeleniumLibrary">
<msg time="2025-05-30T16:54:41.256184" level="INFO">Clicking element 'css:svg[data-testid='MenuIcon']'.</msg>
<arg>${Home_Btn}</arg>
<doc>Click the element identified by ``locator``.</doc>
<status status="PASS" start="2025-05-30T16:54:41.254856" elapsed="3.610998"/>
</kw>
<status status="PASS" start="2025-05-30T16:54:41.254431" elapsed="3.611576"/>
</kw>
<kw name="Click the Service Button" owner="HomePage">
<kw name="Click Element" owner="SeleniumLibrary">
<msg time="2025-05-30T16:54:44.866964" level="INFO">Clicking element 'xpath://div[@id='drawer']/div/ul/li[2]//following-sibling::li[1]/div[1]'.</msg>
<arg>${service_Btn}</arg>
<doc>Click the element identified by ``locator``.</doc>
<status status="PASS" start="2025-05-30T16:54:44.866696" elapsed="0.183870"/>
</kw>
<status status="PASS" start="2025-05-30T16:54:44.866227" elapsed="0.184476"/>
</kw>
<kw name="Click the Business Services" owner="HomePage">
<kw name="Click Element" owner="SeleniumLibrary">
<msg time="2025-05-30T16:54:45.051530" level="INFO">Clicking element 'xpath://div[@id='drawer']/div/ul/li[2]//following-sibling::li[1]/div[2]/div/div/div/div[1]'.</msg>
<arg>${business_service}</arg>
<doc>Click the element identified by ``locator``.</doc>
<status status="PASS" start="2025-05-30T16:54:45.051202" elapsed="0.392820"/>
</kw>
<status status="PASS" start="2025-05-30T16:54:45.050901" elapsed="0.393258"/>
</kw>
<kw name="Click Button" owner="SeleniumLibrary">
<msg time="2025-05-30T16:54:45.444549" level="INFO">Clicking button 'xpath=//button[@class='MuiButtonBase-root MuiButton-root MuiButton-contained MuiButton-containedPrimary MuiButton-sizeMedium MuiButton-containedSizeMedium MuiButton-root MuiButton-contained MuiButton-containedPrimary MuiButton-sizeMedium MuiButton-containedSizeMedium css-1ia5r0']'.