<?xml version="1.0" encoding="UTF-8"?>
<robot generator="Robot 7.2.2 (Python 3.13.3 on win32)" generated="2025-05-28T16:34:36.187184" rpa="false" schemaversion="5">
<suite id="s1" name="ServicesAboutTest" source="C:\Agile-Avengers\Team-Agile_Avengers\Smartcliff_AA\Tests\ServicesAboutTest.robot">
<test id="s1-t1" name="Login with common user credentials and navigate to the Services About Page" line="19">
<kw name="Open the website with the browser" owner="GenericResources" type="SETUP">
<kw name="Open Browser" owner="SeleniumLibrary">
<msg time="2025-05-28T16:34:36.599586" level="INFO">Opening browser 'chrome' to base url 'https://smart-cliff-admin.vercel.app/'.</msg>
<arg>${url}</arg>
<arg>${browser}</arg>
<doc>Opens a new browser instance to the optional ``url``.</doc>
<status status="PASS" start="2025-05-28T16:34:36.598843" elapsed="3.806159"/>
</kw>
<kw name="Maximize Browser Window" owner="SeleniumLibrary">
<doc>Maximizes current browser window.</doc>
<status status="PASS" start="2025-05-28T16:34:40.405576" elapsed="0.096839"/>
</kw>
<kw name="Set Browser Implicit Wait" owner="SeleniumLibrary">
<arg>10s</arg>
<doc>Sets the implicit wait value used by Selenium.</doc>
<status status="PASS" start="2025-05-28T16:34:40.502829" elapsed="0.001740"/>
</kw>
<status status="PASS" start="2025-05-28T16:34:36.596722" elapsed="3.908152"/>
</kw>
<kw name="Login with valid credentials" owner="LoginPage">
<kw name="Input Text" owner="SeleniumLibrary">
<msg time="2025-05-28T16:34:40.508287" level="INFO">Typing text '2k21eee09@kiot.ac.in' into text field 'css:input[id='signin-email']'.</msg>
<arg>${user_email_field}</arg>
<arg>${common_user}</arg>
<doc>Types the given ``text`` into the text field identified by ``locator``.</doc>
<status status="PASS" start="2025-05-28T16:34:40.507492" elapsed="0.565761"/>
</kw>
<kw name="Input Password" owner="SeleniumLibrary">
<msg time="2025-05-28T16:34:41.073998" level="INFO">Typing password into text field 'css:input[id='signin-password']'.</msg>
<msg time="2025-05-28T16:34:41.118241" level="INFO">Temporally setting log level to: NONE</msg>
<arg>${user_password}</arg>
<arg>${common_password}</arg>
<doc>Types the given password into the text field identified by ``locator``.</doc>
<status status="PASS" start="2025-05-28T16:34:41.073579" elapsed="0.241132"/>
</kw>
<kw name="Click Button" owner="SeleniumLibrary">
<msg time="2025-05-28T16:34:41.315420" level="INFO">Clicking button 'css:button[id='signin-submit']'.</msg>
<arg>${login_btn}</arg>
<doc>Clicks the button identified by ``locator``.</doc>
<status status="PASS" start="2025-05-28T16:34:41.315035" elapsed="0.407683"/>
</kw>
<arg>${common_user}</arg>
<arg>${common_password}</arg>
<status status="PASS" start="2025-05-28T16:34:40.506679" elapsed="1.216353"/>
</kw>
<kw name="Open the Services About page" owner="ServicesAbout">
<kw name="Click the Home Button" owner="HomePage">
<kw name="Click Element" owner="SeleniumLibrary">
<msg time="2025-05-28T16:34:41.727947" level="INFO">Clicking element 'css:svg[data-testid='MenuIcon']'.</msg>
<arg>${Home_Btn}</arg>
<doc>Click the element identified by ``locator``.</doc>
<status status="PASS" start="2025-05-28T16:34:41.727445" elapsed="3.152582"/>
</kw>
<status status="PASS" start="2025-05-28T16:34:41.726640" elapsed="3.153611"/>
</kw>
<kw name="Sleep" owner="BuiltIn">
<msg time="2025-05-28T16:34:49.881063" level="INFO">Slept 5 seconds.</msg>
<arg>5s</arg>
<doc>Pauses the test executed for the given time.</doc>
<status status="PASS" start="2025-05-28T16:34:44.880518" elapsed="5.000710"/>
</kw>
<kw name="Click the Service Button" owner="HomePage">
<kw name="Click Element" owner="SeleniumLibrary">
<msg time="2025-05-28T16:34:49.883631" level="INFO">Clicking element 'xpath://div[@id='drawer']/div/ul/li[2]//following-sibling::li[1]/div[1]'.</msg>
<arg>${service_Btn}</arg>
<doc>Click the element identified by ``locator``.</doc>
<status status="PASS" start="2025-05-28T16:34:49.883148" elapsed="0.172454"/>
</kw>
<status status="PASS" start="2025-05-28T16:34:49.881618" elapsed="0.174118"/>
</kw>
<kw name="Click the Service About" owner="HomePage">
<kw name="Click Element" owner="SeleniumLibrary">
<msg time="2025-05-28T16:34:50.056466" level="INFO">Clicking element 'xpath://div[@id='drawer']/div/ul/li[2]//following-sibling::li[1]/div[2]/div/div/div/div[3]'.</msg>
<arg>${service_about}</arg>
<doc>Click the element identified by ``locator``.</doc>
<status status="PASS" start="2025-05-28T16:34:50.056258" elapsed="0.257066"/>
</kw>
<status status="PASS" start="2025-05-28T16:34:50.055934" elapsed="0.257618"/>
</kw>
<status status="PASS" start="2025-05-28T16:34:41.725337" elapsed="8.588361"/>
</kw>
<kw name="Verify the Services About page opened" owner="ServicesAbout">
<kw name="Page Should Contain" owner="SeleniumLibrary">
<msg time="2025-05-28T16:34:50.835432" level="INFO">Current page contains text 'Service About Panel'.</msg>
<arg>text=Service About Panel</arg>
<doc>Verifies that current page contains ``text``.</doc>
<status status="PASS" start="2025-05-28T16:34:50.320510" elapsed="0.515111"/>
</kw>
<status status="PASS" start="2025-05-28T16:34:50.319935" elapsed="0.515916"/>
</kw>
<kw name="Close Browser Session" owner="GenericResources" type="TEARDOWN">
<kw name="Close All Browsers" owner="SeleniumLibrary">
<doc>Closes all open browsers and resets the browser cache.</doc>
<status status="PASS" start="2025-05-28T16:34:50.837084" elapsed="3.618600"/>
</kw>
<status status="PASS" start="2025-05-28T16:34:50.836499" elapsed="3.619625"/>
</kw>
<status status="PASS" start="2025-05-28T16:34:36.593167" elapsed="17.863775"/>
</test>
<test id="s1-t2" name="verify if the search results are displayed" line="24">
<kw name="Open the website with the browser" owner="GenericResources" type="SETUP">
<kw name="Open Browser" owner="SeleniumLibrary">
<msg time="2025-05-28T16:34:54.466915" level="INFO">Opening browser 'chrome' to base url 'https://smart-cliff-admin.vercel.app/'.</msg>
<arg>${url}</arg>
<arg>${browser}</arg>
<doc>Opens a new browser instance to the optional ``url``.</doc>
<status status="PASS" start="2025-05-28T16:34:54.466137" elapsed="3.739187"/>
</kw>
<kw name="Maximize Browser Window" owner="SeleniumLibrary">
<doc>Maximizes current browser window.</doc>
<status status="PASS" start="2025-05-28T16:34:58.205958" elapsed="0.111736"/>
</kw>
<kw name="Set Browser Implicit Wait" owner="SeleniumLibrary">
<arg>10s</arg>
<doc>Sets the implicit wait value used by Selenium.</doc>
<status status="PASS" start="2025-05-28T16:34:58.318092" elapsed="0.001806"/>
</kw>
<status status="PASS" start="2025-05-28T16:34:54.465061" elapsed="3.855020"/>
</kw>
<kw name="Login with valid credentials" owner="LoginPage">
<kw name="Input Text" owner="SeleniumLibrary">
<msg time="2025-05-28T16:34:58.322470" level="INFO">Typing text '2k21eee09@kiot.ac.in' into text field 'css:input[id='signin-email']'.</msg>
<arg>${user_email_field}</arg>
<arg>${common_user}</arg>
<doc>Types the given ``text`` into the text field identified by ``locator``.</doc>
<status status="PASS" start="2025-05-28T16:34:58.321849" elapsed="0.527785"/>
</kw>
<kw name="Input Password" owner="SeleniumLibrary">
<msg time="2025-05-28T16:34:58.850968" level="INFO">Typing password into text field 'css:input[id='signin-password']'.</msg>
<msg time="2025-05-28T16:34:58.904842" level="INFO">Temporally setting log level to: NONE</msg>
<arg>${user_password}</arg>
<arg>${common_password}</arg>
<doc>Types the given password into the text field identified by ``locator``.</doc>
<status status="PASS" start="2025-05-28T16:34:58.850245" elapsed="0.250842"/>
</kw>
<kw name="Click Button" owner="SeleniumLibrary">
<msg time="2025-05-28T16:34:59.101558" level="INFO">Clicking button 'css:button[id='signin-submit']'.</msg>
<arg>${login_btn}</arg>
<doc>Clicks the button identified by ``locator``.</doc>
<status status="PASS" start="2025-05-28T16:34:59.101322" elapsed="0.335812"/>
</kw>
<arg>${common_user}</arg>
<arg>${common_password}</arg>
<status status="PASS" start="2025-05-28T16:34:58.320862" elapsed="1.116423"/>
</kw>
<kw name="Open the Services About page" owner="ServicesAbout">
<kw name="Click the Home Button" owner="HomePage">
<kw name="Click Element" owner="SeleniumLibrary">
<msg time="2025-05-28T16:34:59.442438" level="INFO">Clicking element 'css:svg[data-testid='MenuIcon']'.</msg>
<arg>${Home_Btn}</arg>
<doc>Click the element identified by ``locator``.</doc>
<status status="PASS" start="2025-05-28T16:34:59.442161" elapsed="3.165023"/>
</kw>
<status status="PASS" start="2025-05-28T16:34:59.441637" elapsed="3.165790"/>
</kw>
<kw name="Sleep" owner="BuiltIn">
<msg time="2025-05-28T16:35:07.609020" level="INFO">Slept 5 seconds.</msg>
<arg>5s</arg>
<doc>Pauses the test executed for the given time.</doc>
<status status="PASS" start="2025-05-28T16:35:02.607721" elapsed="5.001913"/>
</kw>
<kw name="Click the Service Button" owner="HomePage">
<kw name="Click Element" owner="SeleniumLibrary">
<msg time="2025-05-28T16:35:07.612422" level="INFO">Clicking element 'xpath://div[@id='drawer']/div/ul/li[2]//following-sibling::li[1]/div[1]'.</msg>
<arg>${service_Btn}</arg>
<doc>Click the element identified by ``locator``.</doc>
<status status="PASS" start="2025-05-28T16:35:07.611126" elapsed="0.194931"/>
</kw>
<status status="PASS" start="2025-05-28T16:35:07.610465" elapsed="0.195814"/>
</kw>
<kw name="Click the Service About" owner="HomePage">
<kw name="Click Element" owner="SeleniumLibrary">
<msg time="2025-05-28T16:35:07.808579" level="INFO">Clicking element 'xpath://div[@id='drawer']/div/ul/li[2]//following-sibling::li[1]/div[2]/div/div/div/div[3]'.</msg>
<arg>${service_about}</arg>
<doc>Click the element identified by ``locator``.</doc>
<status status="PASS" start="2025-05-28T16:35:07.807168" elapsed="0.247499"/>
</kw>
<status status="PASS" start="2025-05-28T16:35:07.806660" elapsed="0.248166"/>
</kw>
<status status="PASS" start="2025-05-28T16:34:59.441126" elapsed="8.613972"/>
</kw>
<kw name="Search heading in the searchbox" owner="ServicesAbout">
<kw name="Input Text" owner="SeleniumLibrary">
<msg time="2025-05-28T16:35:08.057376" level="INFO">Typing text 'HTD' into text field 'xpath://input[@placeholder='Search services about...']'.</msg>
<arg>${search_box}</arg>
<arg>HTD</arg>
<doc>Types the given ``text`` into the text field identified by ``locator``.</doc>
<status status="PASS" start="2025-05-28T16:35:08.057005" elapsed="1.094767"/>
</kw>
<arg>${search_box}</arg>
<status status="PASS" start="2025-05-28T16:35:08.056284" elapsed="1.095705"/>
</kw>
<kw name="Verify HTD search Result displayed" owner="ServicesAbout">
<kw name="Page Should Contain Element" owner="SeleniumLibrary">
<msg time="2025-05-28T16:35:09.170367" level="INFO">Current page contains element 'xpath://td[contains(text(),'Hire Train Deploy(HTD)')]'.</msg>
<arg>xpath://td[contains(text(),'Hire Train Deploy(HTD)')]</arg>
<doc>Verifies that element ``locator`` is found on the current page.</doc>
<status status="PASS" start="2025-05-28T16:35:09.153421" elapsed="0.017050"/>
</kw>
<status status="PASS" start="2025-05-28T16:35:09.152860" elapsed="0.017725"/>
</kw>
<kw name="Close Browser Session" owner="GenericResources" type="TEARDOWN">
<kw name="Close All Browsers" owner="SeleniumLibrary">
<doc>Closes all open browsers and resets the browser cache.</doc>
<status status="PASS" start="2025-05-28T16:35:09.171329" elapsed="2.348563"/>
</kw>
<status status="PASS" start="2025-05-28T16:35:09.171000" elapsed="2.349048"/>
</kw>
<status status="PASS" start="2025-05-28T16:34:54.460245" elapsed="17.060227"/>
</test>
<test id="s1-t3" name="Verify you can add the data" line="30">
<kw name="Open the website with the browser" owner="GenericResources" type="SETUP">
<kw name="Open Browser" owner="SeleniumLibrary">
<msg time="2025-05-28T16:35:11.524308" level="INFO">Opening browser 'chrome' to base url 'https://smart-cliff-admin.vercel.app/'.</msg>
<arg>${url}</arg>
<arg>${browser}</arg>
<doc>Opens a new browser instance to the optional ``url``.</doc>
<status status="PASS" start="2025-05-28T16:35:11.524064" elapsed="3.770202"/>
</kw>
<kw name="Maximize Browser Window" owner="SeleniumLibrary">
<doc>Maximizes current browser window.</doc>
<status status="PASS" start="2025-05-28T16:35:15.294592" elapsed="0.081960"/>
</kw>
<kw name="Set Browser Implicit Wait" owner="SeleniumLibrary">
<arg>10s</arg>
<doc>Sets the implicit wait value used by Selenium.</doc>
<status status="PASS" start="2025-05-28T16:35:15.376841" elapsed="0.001859"/>
</kw>
<status status="PASS" start="2025-05-28T16:35:11.523693" elapsed="3.855225"/>
</kw>
<kw name="Fill the services about details" owner="ServicesAbout">
<kw name="Login with valid credentials" owner="LoginPage">
<kw name="Input Text" owner="SeleniumLibrary">
<msg time="2025-05-28T16:35:15.381835" level="INFO">Typing text '2k21eee09@kiot.ac.in' into text field 'css:input[id='signin-email']'.</msg>
<arg>${user_email_field}</arg>
<arg>${common_user}</arg>
<doc>Types the given ``text`` into the text field identified by ``locator``.</doc>
<status status="PASS" start="2025-05-28T16:35:15.381324" elapsed="0.505151"/>
</kw>
<kw name="Input Password" owner="SeleniumLibrary">
<msg time="2025-05-28T16:35:15.886963" level="INFO">Typing password into text field 'css:input[id='signin-password']'.</msg>
<msg time="2025-05-28T16:35:16.086015" level="INFO">Temporally setting log level to: NONE</msg>
<arg>${user_password}</arg>
<arg>${common_password}</arg>
<doc>Types the given password into the text field identified by ``locator``.</doc>
<status status="PASS" start="2025-05-28T16:35:15.886678" elapsed="0.398465"/>
</kw>
<kw name="Click Button" owner="SeleniumLibrary">
<msg time="2025-05-28T16:35:16.285625" level="INFO">Clicking button 'css:button[id='signin-submit']'.</msg>
<arg>${login_btn}</arg>
<doc>Clicks the button identified by ``locator``.</doc>
<status status="PASS" start="2025-05-28T16:35:16.285379" elapsed="0.354802"/>
</kw>
<arg>${common_user}</arg>
<arg>${common_password}</arg>
<status status="PASS" start="2025-05-28T16:35:15.380495" elapsed="1.259995"/>
</kw>
<kw name="Open the Services About page" owner="ServicesAbout">
<kw name="Click the Home Button" owner="HomePage">
<kw name="Click Element" owner="SeleniumLibrary">
<msg time="2025-05-28T16:35:16.642251" level="INFO">Clicking element 'css:svg[data-testid='MenuIcon']'.</msg>
<arg>${Home_Btn}</arg>
<doc>Click the element identified by ``locator``.</doc>
<status status="PASS" start="2025-05-28T16:35:16.641994" elapsed="4.084866"/>
</kw>
<status status="PASS" start="2025-05-28T16:35:16.641389" elapsed="4.085613"/>
</kw>
<kw name="Sleep" owner="BuiltIn">
<msg time="2025-05-28T16:35:25.730323" level="INFO">Slept 5 seconds.</msg>
<arg>5s</arg>
<doc>Pauses the test executed for the given time.</doc>
<status status="PASS" start="2025-05-28T16:35:20.727172" elapsed="5.004277"/>
</kw>
<kw name="Click the Service Button" owner="HomePage">
<kw name="Click Element" owner="SeleniumLibrary">
<msg time="2025-05-28T16:35:25.736282" level="INFO">Clicking element 'xpath://div[@id='drawer']/div/ul/li[2]//following-sibling::li[1]/div[1]'.</msg>
<arg>${service_Btn}</arg>
<doc>Click the element identified by ``locator``.</doc>
<status status="PASS" start="2025-05-28T16:35:25.735163" elapsed="0.188221"/>
</kw>
<status status="PASS" start="2025-05-28T16:35:25.732908" elapsed="0.190608"/>
</kw>
<kw name="Click the Service About" owner="HomePage">
<kw name="Click Element" owner="SeleniumLibrary">
<msg time="2025-05-28T16:35:25.925405" level="INFO">Clicking element 'xpath://div[@id='drawer']/div/ul/li[2]//following-sibling::li[1]/div[2]/div/div/div/div[3]'.</msg>
<arg>${service_about}</arg>
<doc>Click the element identified by ``locator``.</doc>
<status status="PASS" start="2025-05-28T16:35:25.924870" elapsed="0.269253"/>
</kw>
<status status="PASS" start="2025-05-28T16:35:25.923711" elapsed="0.270601"/>
</kw>
<status status="PASS" start="2025-05-28T16:35:16.640746" elapsed="9.553693"/>
</kw>
<kw name="Click the Add new service about button" owner="ServicesAbout">
<kw name="Click Element" owner="SeleniumLibrary">
<msg time="2025-05-28T16:35:26.195926" level="INFO">Clicking element 'xpath://span[@class="MuiButton-startIcon MuiButton-iconSizeMedium css-6xugel"]'.</msg>
<arg>${add_serviceabt_btn}</arg>
<doc>Click the element identified by ``locator``.</doc>
<status status="PASS" start="2025-05-28T16:35:26.195404" elapsed="0.608982"/>
</kw>
<status status="PASS" start="2025-05-28T16:35:26.194821" elapsed="0.609783"/>
</kw>
<kw name="Enter dropdown values for adding new service about" owner="ServicesAbout">
<kw name="Click Element" owner="SeleniumLibrary">
<msg time="2025-05-28T16:35:26.806019" level="INFO">Clicking element 'xpath=//input[@id='Business Services']'.</msg>
<arg>xpath=//input[@id='Business Services']</arg>
<doc>Click the element identified by ``locator``.</doc>
<status status="PASS" start="2025-05-28T16:35:26.805528" elapsed="0.145349"/>
</kw>
<kw name="Click Element" owner="SeleniumLibrary">
<msg time="2025-05-28T16:35:26.951606" level="INFO">Clicking element 'xpath=//li[text()='B2I']'.</msg>
<arg>xpath=//li[text()='B2I']</arg>
<doc>Click the element identified by ``locator``.</doc>
<status status="PASS" start="2025-05-28T16:35:26.951262" elapsed="0.296041"/>
</kw>
<kw name="Click Element" owner="SeleniumLibrary">
<msg time="2025-05-28T16:35:27.248182" level="INFO">Clicking element 'xpath=//input[@id='service']'.</msg>
<arg>xpath=//input[@id='service']</arg>
<doc>Click the element identified by ``locator``.</doc>
<status status="PASS" start="2025-05-28T16:35:27.247741" elapsed="0.082348"/>
</kw>
<kw name="Click Element" owner="SeleniumLibrary">
<msg time="2025-05-28T16:35:27.331275" level="INFO">Clicking element 'xpath=//li[text()='Internship']'.</msg>
<arg>xpath=//li[text()='Internship']</arg>
<doc>Click the element identified by ``locator``.</doc>
<status status="PASS" start="2025-05-28T16:35:27.330740" elapsed="0.112502"/>
</kw>
<status status="PASS" start="2025-05-28T16:35:26.805001" elapsed="0.638434"/>
</kw>
<kw name="Input Text" owner="SeleniumLibrary">
<msg time="2025-05-28T16:35:27.443991" level="INFO">Typing text '' into text field '//input[@name='heading']'.</msg>
<arg>${heading}</arg>
<arg>${Heading_csv}</arg>
<doc>Types the given ``text`` into the text field identified by ``locator``.</doc>
<status status="PASS" start="2025-05-28T16:35:27.443657" elapsed="0.125527"/>
</kw>
<kw name="Input Text" owner="SeleniumLibrary">
<msg time="2025-05-28T16:35:27.569680" level="INFO">Typing text '' into text field '//input[@name='subHeading']'.</msg>
<arg>${sub_heading}</arg>
<arg>${subheading_csv}</arg>
<doc>Types the given ``text`` into the text field identified by ``locator``.</doc>
<status status="PASS" start="2025-05-28T16:35:27.569419" elapsed="0.080296"/>
</kw>
<kw name="Input Text" owner="SeleniumLibrary">
<msg time="2025-05-28T16:35:27.650205" level="INFO">Typing text '' into text field '//input[@name='title']'.</msg>
<arg>${feature_title}</arg>
<arg>${feature_title_csv}</arg>
<doc>Types the given ``text`` into the text field identified by ``locator``.</doc>
<status status="PASS" start="2025-05-28T16:35:27.649916" elapsed="0.087945"/>
</kw>
<kw name="Click submit data button" owner="ServicesAbout">
<kw name="Click Button" owner="SeleniumLibrary">
<msg time="2025-05-28T16:35:27.740434" level="INFO">Clicking button '//button[@type='submit']'.</msg>
<arg>${submit_btn}</arg>
<doc>Clicks the button identified by ``locator``.</doc>
<status status="PASS" start="2025-05-28T16:35:27.739235" elapsed="0.130639"/>
</kw>
<status status="PASS" start="2025-05-28T16:35:27.738282" elapsed="0.131790"/>
</kw>
<arg>${Heading_csv}</arg>
<arg>${subheading_csv}</arg>
<arg>${feature_title_csv}</arg>
<status status="PASS" start="2025-05-28T16:35:15.379513" elapsed="12.490686"/>
</kw>
<kw name="Close Browser Session" owner="GenericResources" type="TEARDOWN">
<kw name="Close All Browsers" owner="SeleniumLibrary">
<doc>Closes all open browsers and resets the browser cache.</doc>
<status status="PASS" start="2025-05-28T16:35:27.871733" elapsed="2.356955"/>
</kw>
<status status="PASS" start="2025-05-28T16:35:27.870925" elapsed="2.358311"/>
</kw>
<status status="PASS" start="2025-05-28T16:35:11.521556" elapsed="18.708692"/>
</test>
<doc>This file is for testing the services about functionality</doc>
<status status="PASS" start="2025-05-28T16:34:36.188932" elapsed="54.047081"/>
</suite>
<statistics>
<total>
<stat pass="3" fail="0" skip="0">All Tests</stat>
</total>
<tag>
</tag>
<suite>
<stat name="ServicesAboutTest" id="s1" pass="3" fail="0" skip="0">ServicesAboutTest</stat>
</suite>
</statistics>
<errors>
<msg time="2025-05-28T16:34:36.563447" level="ERROR">Error in file 'C:\Agile-Avengers\Team-Agile_Avengers\Smartcliff_AA\Resourcers\ServicesAbout.robot' on line 9: Setting 'Test Template' is not allowed in resource file.</msg>
<msg time="2025-05-28T16:34:36.582375" level="ERROR">[ DataDriver ] Error in robot file:
  File "C:\Agile-Avengers\Team-Agile_Avengers\Smartcliff_AA\Tests\ServicesAboutTest.robot", line 0</msg>
<msg time="2025-05-28T16:34:36.583776" level="ERROR">In source file:
  File "C:Agile-AvengersTeam-Agile_AvengersSmartcliff_AAUtilityAddServiceAbout.csv", line 0</msg>
<msg time="2025-05-28T16:34:36.592377" level="ERROR">Calling method '_start_suite' of listener 'DataDriver' failed: FileNotFoundError: File attribute was not a full path. Tried to find C:\Agile-Avengers\Team-Agile_Avengers\Smartcliff_AA\Tests\Agile-AvengersTeam-Agile_AvengersSmartcliff_AAUtilityAddServiceAbout.csv but file does not exist.</msg>
</errors>
</robot>
