<?xml version="1.0" encoding="UTF-8"?>
<robot generator="Robot 7.2.2 (Python 3.13.3 on win32)" generated="2025-05-29T10:56:59.718446" rpa="false" schemaversion="5">
<suite id="s1" name="ServicesAboutTest" source="C:\Agile-Avengers\Team-Agile_Avengers\Smartcliff_AA\Tests\ServicesAboutTest.robot">
<test id="s1-t1" name="Login with common user credentials and navigate to the Services About Page" line="11">
<kw name="Open the website with the browser" owner="GenericResources" type="SETUP">
<kw name="Open Browser" owner="SeleniumLibrary">
<msg time="2025-05-29T10:57:00.049998" level="INFO">Opening browser 'chrome' to base url 'https://smart-cliff-admin.vercel.app/'.</msg>
<arg>${url}</arg>
<arg>${browser}</arg>
<doc>Opens a new browser instance to the optional ``url``.</doc>
<status status="PASS" start="2025-05-29T10:57:00.049062" elapsed="2.664803"/>
</kw>
<kw name="Maximize Browser Window" owner="SeleniumLibrary">
<doc>Maximizes current browser window.</doc>
<status status="PASS" start="2025-05-29T10:57:02.714305" elapsed="1.093560"/>
</kw>
<kw name="Set Browser Implicit Wait" owner="SeleniumLibrary">
<arg>10s</arg>
<doc>Sets the implicit wait value used by Selenium.</doc>
<status status="PASS" start="2025-05-29T10:57:03.808176" elapsed="0.001675"/>
</kw>
<kw name="Set Selenium Implicit Wait" owner="SeleniumLibrary">
<arg>10s</arg>
<doc>Sets the implicit wait value used by Selenium.</doc>
<status status="PASS" start="2025-05-29T10:57:03.810097" elapsed="0.001182"/>
</kw>
<status status="PASS" start="2025-05-29T10:57:00.047670" elapsed="3.763738"/>
</kw>
<kw name="Login with valid credentials" owner="LoginPage">
<kw name="Input Text" owner="SeleniumLibrary">
<msg time="2025-05-29T10:57:03.813645" level="INFO">Typing text '2k21eee09@kiot.ac.in' into text field 'css:input[id='signin-email']'.</msg>
<arg>${user_email_field}</arg>
<arg>${common_user}</arg>
<doc>Types the given ``text`` into the text field identified by ``locator``.</doc>
<status status="PASS" start="2025-05-29T10:57:03.812849" elapsed="0.568372"/>
</kw>
<kw name="Input Password" owner="SeleniumLibrary">
<msg time="2025-05-29T10:57:04.382369" level="INFO">Typing password into text field 'css:input[id='signin-password']'.</msg>
<msg time="2025-05-29T10:57:04.440388" level="INFO">Temporally setting log level to: NONE</msg>
<arg>${user_password}</arg>
<arg>${common_password}</arg>
<doc>Types the given password into the text field identified by ``locator``.</doc>
<status status="PASS" start="2025-05-29T10:57:04.381638" elapsed="0.267155"/>
</kw>
<kw name="Click Button" owner="SeleniumLibrary">
<msg time="2025-05-29T10:57:04.649547" level="INFO">Clicking button 'css:button[id='signin-submit']'.</msg>
<arg>${login_btn}</arg>
<doc>Clicks the button identified by ``locator``.</doc>
<status status="PASS" start="2025-05-29T10:57:04.649206" elapsed="0.158309"/>
</kw>
<arg>${common_user}</arg>
<arg>${common_password}</arg>
<status status="PASS" start="2025-05-29T10:57:03.811950" elapsed="0.995826"/>
</kw>
<kw name="Open the Services About page" owner="ServicesAbout">
<kw name="Click the Home Button" owner="HomePage">
<kw name="Click Element" owner="SeleniumLibrary">
<msg time="2025-05-29T10:57:04.809850" level="INFO">Clicking element 'css:svg[data-testid='MenuIcon']'.</msg>
<arg>${Home_Btn}</arg>
<doc>Click the element identified by ``locator``.</doc>
<status status="PASS" start="2025-05-29T10:57:04.809533" elapsed="3.415628"/>
</kw>
<status status="PASS" start="2025-05-29T10:57:04.809255" elapsed="3.416093"/>
</kw>
<kw name="Click the Service Button" owner="HomePage">
<kw name="Click Element" owner="SeleniumLibrary">
<msg time="2025-05-29T10:57:08.226570" level="INFO">Clicking element 'xpath://div[@id='drawer']/div/ul/li[2]//following-sibling::li[1]/div[1]'.</msg>
<arg>${service_Btn}</arg>
<doc>Click the element identified by ``locator``.</doc>
<status status="PASS" start="2025-05-29T10:57:08.226171" elapsed="0.183141"/>
</kw>
<status status="PASS" start="2025-05-29T10:57:08.225689" elapsed="0.183838"/>
</kw>
<kw name="Click the Service About" owner="HomePage">
<kw name="Click Element" owner="SeleniumLibrary">
<msg time="2025-05-29T10:57:08.410707" level="INFO">Clicking element 'xpath://div[@id='drawer']/div/ul/li[2]//following-sibling::li[1]/div[2]/div/div/div/div[3]'.</msg>
<arg>${service_about}</arg>
<doc>Click the element identified by ``locator``.</doc>
<status status="PASS" start="2025-05-29T10:57:08.410342" elapsed="0.297444"/>
</kw>
<status status="PASS" start="2025-05-29T10:57:08.409867" elapsed="0.298044"/>
</kw>
<status status="PASS" start="2025-05-29T10:57:04.808720" elapsed="3.899290"/>
</kw>
<kw name="Verify the Services About page opened" owner="ServicesAbout">
<kw name="Page Should Contain" owner="SeleniumLibrary">
<msg time="2025-05-29T10:57:09.218279" level="INFO">Current page contains text 'Service About Panel'.</msg>
<arg>text=Service About Panel</arg>
<doc>Verifies that current page contains ``text``.</doc>
<status status="PASS" start="2025-05-29T10:57:08.708789" elapsed="0.509601"/>
</kw>
<status status="PASS" start="2025-05-29T10:57:08.708417" elapsed="0.510116"/>
</kw>
<kw name="Close Browser Session" owner="GenericResources" type="TEARDOWN">
<kw name="Close All Browsers" owner="SeleniumLibrary">
<doc>Closes all open browsers and resets the browser cache.</doc>
<status status="PASS" start="2025-05-29T10:57:09.219589" elapsed="2.314013"/>
</kw>
<status status="PASS" start="2025-05-29T10:57:09.219147" elapsed="2.314992"/>
</kw>
<status status="PASS" start="2025-05-29T10:57:00.046560" elapsed="11.488350"/>
</test>
<test id="s1-t2" name="Verify if the search results are displayed" line="16">
<kw name="Open the website with the browser" owner="GenericResources" type="SETUP">
<kw name="Open Browser" owner="SeleniumLibrary">
<msg time="2025-05-29T10:57:11.541990" level="INFO">Opening browser 'chrome' to base url 'https://smart-cliff-admin.vercel.app/'.</msg>
<arg>${url}</arg>
<arg>${browser}</arg>
<doc>Opens a new browser instance to the optional ``url``.</doc>
<status status="PASS" start="2025-05-29T10:57:11.541491" elapsed="2.029127"/>
</kw>
<kw name="Maximize Browser Window" owner="SeleniumLibrary">
<doc>Maximizes current browser window.</doc>
<status status="PASS" start="2025-05-29T10:57:13.572122" elapsed="1.082045"/>
</kw>
<kw name="Set Browser Implicit Wait" owner="SeleniumLibrary">
<arg>10s</arg>
<doc>Sets the implicit wait value used by Selenium.</doc>
<status status="PASS" start="2025-05-29T10:57:14.654570" elapsed="0.001926"/>
</kw>
<kw name="Set Selenium Implicit Wait" owner="SeleniumLibrary">
<arg>10s</arg>
<doc>Sets the implicit wait value used by Selenium.</doc>
<status status="PASS" start="2025-05-29T10:57:14.656741" elapsed="0.001790"/>
</kw>
<status status="PASS" start="2025-05-29T10:57:11.540371" elapsed="3.118381"/>
</kw>
<kw name="Login with valid credentials" owner="LoginPage">
<kw name="Input Text" owner="SeleniumLibrary">
<msg time="2025-05-29T10:57:14.660609" level="INFO">Typing text '2k21eee09@kiot.ac.in' into text field 'css:input[id='signin-email']'.</msg>
<arg>${user_email_field}</arg>
<arg>${common_user}</arg>
<doc>Types the given ``text`` into the text field identified by ``locator``.</doc>
<status status="PASS" start="2025-05-29T10:57:14.660139" elapsed="0.454217"/>
</kw>
<kw name="Input Password" owner="SeleniumLibrary">
<msg time="2025-05-29T10:57:15.115391" level="INFO">Typing password into text field 'css:input[id='signin-password']'.</msg>
<msg time="2025-05-29T10:57:15.286859" level="INFO">Temporally setting log level to: NONE</msg>
<arg>${user_password}</arg>
<arg>${common_password}</arg>
<doc>Types the given password into the text field identified by ``locator``.</doc>
<status status="PASS" start="2025-05-29T10:57:15.114776" elapsed="0.365901"/>
</kw>
<kw name="Click Button" owner="SeleniumLibrary">
<msg time="2025-05-29T10:57:15.481446" level="INFO">Clicking button 'css:button[id='signin-submit']'.</msg>
<arg>${login_btn}</arg>
<doc>Clicks the button identified by ``locator``.</doc>
<status status="PASS" start="2025-05-29T10:57:15.481077" elapsed="0.163378"/>
</kw>
<arg>${common_user}</arg>
<arg>${common_password}</arg>
<status status="PASS" start="2025-05-29T10:57:14.659371" elapsed="0.985431"/>
</kw>
<kw name="Open the Services About page" owner="ServicesAbout">
<kw name="Click the Home Button" owner="HomePage">
<kw name="Click Element" owner="SeleniumLibrary">
<msg time="2025-05-29T10:57:15.646887" level="INFO">Clicking element 'css:svg[data-testid='MenuIcon']'.</msg>
<arg>${Home_Btn}</arg>
<doc>Click the element identified by ``locator``.</doc>
<status status="PASS" start="2025-05-29T10:57:15.646655" elapsed="4.247376"/>
</kw>
<status status="PASS" start="2025-05-29T10:57:15.646152" elapsed="4.248120"/>
</kw>
<kw name="Click the Service Button" owner="HomePage">
<kw name="Click Element" owner="SeleniumLibrary">
<msg time="2025-05-29T10:57:19.896004" level="INFO">Clicking element 'xpath://div[@id='drawer']/div/ul/li[2]//following-sibling::li[1]/div[1]'.</msg>
<arg>${service_Btn}</arg>
<doc>Click the element identified by ``locator``.</doc>
<status status="PASS" start="2025-05-29T10:57:19.895340" elapsed="0.168084"/>
</kw>
<status status="PASS" start="2025-05-29T10:57:19.894678" elapsed="0.168904"/>
</kw>
<kw name="Click the Service About" owner="HomePage">
<kw name="Click Element" owner="SeleniumLibrary">
<msg time="2025-05-29T10:57:20.064372" level="INFO">Clicking element 'xpath://div[@id='drawer']/div/ul/li[2]//following-sibling::li[1]/div[2]/div/div/div/div[3]'.</msg>
<arg>${service_about}</arg>
<doc>Click the element identified by ``locator``.</doc>
<status status="PASS" start="2025-05-29T10:57:20.064151" elapsed="0.262257"/>
</kw>
<status status="PASS" start="2025-05-29T10:57:20.063828" elapsed="0.262718"/>
</kw>
<status status="PASS" start="2025-05-29T10:57:15.645532" elapsed="4.681103"/>
</kw>
<kw name="Search heading in the searchbox" owner="ServicesAbout">
<kw name="Input Text" owner="SeleniumLibrary">
<msg time="2025-05-29T10:57:20.327728" level="INFO">Typing text 'HTD' into text field 'xpath://input[@placeholder='Search services about...']'.</msg>
<arg>${search_box}</arg>
<arg>HTD</arg>
<doc>Types the given ``text`` into the text field identified by ``locator``.</doc>
<status status="PASS" start="2025-05-29T10:57:20.327512" elapsed="1.111575"/>
</kw>
<arg>${search_box}</arg>
<status status="PASS" start="2025-05-29T10:57:20.327068" elapsed="1.112315"/>
</kw>
<kw name="Verify HTD search Result displayed" owner="ServicesAbout">
<kw name="Page Should Contain Element" owner="SeleniumLibrary">
<msg time="2025-05-29T10:57:21.455129" level="INFO">Current page contains element 'xpath://td[contains(text(),'Hire Train Deploy(HTD)')]'.</msg>
<arg>xpath://td[contains(text(),'Hire Train Deploy(HTD)')]</arg>
<doc>Verifies that element ``locator`` is found on the current page.</doc>
<status status="PASS" start="2025-05-29T10:57:21.440266" elapsed="0.014975"/>
</kw>
<status status="PASS" start="2025-05-29T10:57:21.439872" elapsed="0.015472"/>
</kw>
<kw name="Close Browser Session" owner="GenericResources" type="TEARDOWN">
<kw name="Close All Browsers" owner="SeleniumLibrary">
<doc>Closes all open browsers and resets the browser cache.</doc>
<status status="PASS" start="2025-05-29T10:57:21.456171" elapsed="2.330925"/>
</kw>
<status status="PASS" start="2025-05-29T10:57:21.455872" elapsed="2.331647"/>
</kw>
<status status="PASS" start="2025-05-29T10:57:11.538177" elapsed="12.250160"/>
</test>
<test id="s1-t3" name="Valid adding data in service about page" line="22">
<kw name="Open the website with the browser" owner="GenericResources" type="SETUP">
<kw name="Open Browser" owner="SeleniumLibrary">
<msg time="2025-05-29T10:57:23.795306" level="INFO">Opening browser 'chrome' to base url 'https://smart-cliff-admin.vercel.app/'.</msg>
<arg>${url}</arg>
<arg>${browser}</arg>
<doc>Opens a new browser instance to the optional ``url``.</doc>
<status status="PASS" start="2025-05-29T10:57:23.794544" elapsed="3.309950"/>
</kw>
<kw name="Maximize Browser Window" owner="SeleniumLibrary">
<doc>Maximizes current browser window.</doc>
<status status="PASS" start="2025-05-29T10:57:27.104760" elapsed="0.077583"/>
</kw>
<kw name="Set Browser Implicit Wait" owner="SeleniumLibrary">
<arg>10s</arg>
<doc>Sets the implicit wait value used by Selenium.</doc>
<status status="PASS" start="2025-05-29T10:57:27.182572" elapsed="0.001547"/>
</kw>
<kw name="Set Selenium Implicit Wait" owner="SeleniumLibrary">
<arg>10s</arg>
<doc>Sets the implicit wait value used by Selenium.</doc>
<status status="PASS" start="2025-05-29T10:57:27.184332" elapsed="0.001719"/>
</kw>
<status status="PASS" start="2025-05-29T10:57:23.793483" elapsed="3.392759"/>
</kw>
<kw name="Login with valid credentials" owner="LoginPage">
<kw name="Input Text" owner="SeleniumLibrary">
<msg time="2025-05-29T10:57:27.187890" level="INFO">Typing text '2k21eee09@kiot.ac.in' into text field 'css:input[id='signin-email']'.</msg>
<arg>${user_email_field}</arg>
<arg>${common_user}</arg>
<doc>Types the given ``text`` into the text field identified by ``locator``.</doc>
<status status="PASS" start="2025-05-29T10:57:27.187501" elapsed="0.418005"/>
</kw>
<kw name="Input Password" owner="SeleniumLibrary">
<msg time="2025-05-29T10:57:27.606173" level="INFO">Typing password into text field 'css:input[id='signin-password']'.</msg>
<msg time="2025-05-29T10:57:27.678779" level="INFO">Temporally setting log level to: NONE</msg>
<arg>${user_password}</arg>
<arg>${common_password}</arg>
<doc>Types the given password into the text field identified by ``locator``.</doc>
<status status="PASS" start="2025-05-29T10:57:27.605855" elapsed="0.213281"/>
</kw>
<kw name="Click Button" owner="SeleniumLibrary">
<msg time="2025-05-29T10:57:27.819560" level="INFO">Clicking button 'css:button[id='signin-submit']'.</msg>
<arg>${login_btn}</arg>
<doc>Clicks the button identified by ``locator``.</doc>
<status status="PASS" start="2025-05-29T10:57:27.819335" elapsed="0.127120"/>
</kw>
<arg>${common_user}</arg>
<arg>${common_password}</arg>
<status status="PASS" start="2025-05-29T10:57:27.186807" elapsed="0.759918"/>
</kw>
<kw name="Open the Services About page" owner="ServicesAbout">
<kw name="Click the Home Button" owner="HomePage">
<kw name="Click Element" owner="SeleniumLibrary">
<msg time="2025-05-29T10:57:27.949612" level="INFO">Clicking element 'css:svg[data-testid='MenuIcon']'.</msg>
<arg>${Home_Btn}</arg>
<doc>Click the element identified by ``locator``.</doc>
<status status="PASS" start="2025-05-29T10:57:27.949174" elapsed="6.160734"/>
</kw>
<status status="PASS" start="2025-05-29T10:57:27.948561" elapsed="6.161570"/>
</kw>
<kw name="Click the Service Button" owner="HomePage">
<kw name="Click Element" owner="SeleniumLibrary">
<msg time="2025-05-29T10:57:34.111330" level="INFO">Clicking element 'xpath://div[@id='drawer']/div/ul/li[2]//following-sibling::li[1]/div[1]'.</msg>
<arg>${service_Btn}</arg>
<doc>Click the element identified by ``locator``.</doc>
<status status="PASS" start="2025-05-29T10:57:34.110994" elapsed="0.169561"/>
</kw>
<status status="PASS" start="2025-05-29T10:57:34.110478" elapsed="0.170203"/>
</kw>
<kw name="Click the Service About" owner="HomePage">
<kw name="Click Element" owner="SeleniumLibrary">
<msg time="2025-05-29T10:57:34.281588" level="INFO">Clicking element 'xpath://div[@id='drawer']/div/ul/li[2]//following-sibling::li[1]/div[2]/div/div/div/div[3]'.</msg>
<arg>${service_about}</arg>
<doc>Click the element identified by ``locator``.</doc>
<status status="PASS" start="2025-05-29T10:57:34.281357" elapsed="0.242880"/>
</kw>
<status status="PASS" start="2025-05-29T10:57:34.280904" elapsed="0.243520"/>
</kw>
<status status="PASS" start="2025-05-29T10:57:27.947638" elapsed="6.576903"/>
</kw>
<kw name="Click the Add new service about button" owner="ServicesAbout">
<kw name="Click Element" owner="SeleniumLibrary">
<msg time="2025-05-29T10:57:34.525903" level="INFO">Clicking element 'xpath://span[@class="MuiButton-startIcon MuiButton-iconSizeMedium css-6xugel"]'.</msg>
<arg>${add_serviceabt_btn}</arg>
<doc>Click the element identified by ``locator``.</doc>
<status status="PASS" start="2025-05-29T10:57:34.525508" elapsed="0.701302"/>
</kw>
<status status="PASS" start="2025-05-29T10:57:34.525013" elapsed="0.702084"/>
</kw>
<kw name="Enter dropdown values for adding new service about" owner="ServicesAbout">
<kw name="Click Element" owner="SeleniumLibrary">
<msg time="2025-05-29T10:57:35.228255" level="INFO">Clicking element 'xpath=//input[@id='Business Services']'.</msg>
<arg>xpath=//input[@id='Business Services']</arg>
<doc>Click the element identified by ``locator``.</doc>
<status status="PASS" start="2025-05-29T10:57:35.228044" elapsed="0.164577"/>
</kw>
<kw name="Click Element" owner="SeleniumLibrary">
<msg time="2025-05-29T10:57:35.393522" level="INFO">Clicking element 'xpath=//li[text()='B2I']'.</msg>
<arg>xpath=//li[text()='B2I']</arg>
<doc>Click the element identified by ``locator``.</doc>
<status status="PASS" start="2025-05-29T10:57:35.393087" elapsed="0.356484"/>
</kw>
<kw name="Click Element" owner="SeleniumLibrary">
<msg time="2025-05-29T10:57:35.750273" level="INFO">Clicking element 'xpath=//input[@id='service']'.</msg>
<arg>xpath=//input[@id='service']</arg>
<doc>Click the element identified by ``locator``.</doc>
<status status="PASS" start="2025-05-29T10:57:35.749891" elapsed="0.092984"/>
</kw>
<kw name="Click Element" owner="SeleniumLibrary">
<msg time="2025-05-29T10:57:35.843898" level="INFO">Clicking element 'xpath=//li[text()='Internship']'.</msg>
<arg>xpath=//li[text()='Internship']</arg>
<doc>Click the element identified by ``locator``.</doc>
<status status="PASS" start="2025-05-29T10:57:35.843236" elapsed="0.111741"/>
</kw>
<status status="PASS" start="2025-05-29T10:57:35.227649" elapsed="0.727451"/>
</kw>
<kw name="Fill the services about details" owner="ServicesAbout">
<kw name="Input Text" owner="SeleniumLibrary">
<msg time="2025-05-29T10:57:35.956255" level="INFO">Typing text 'DemoHeading' into text field '//input[@name='heading']'.</msg>
<arg>${heading}</arg>
<arg>DemoHeading</arg>
<doc>Types the given ``text`` into the text field identified by ``locator``.</doc>
<status status="PASS" start="2025-05-29T10:57:35.956047" elapsed="0.373857"/>
</kw>
<kw name="Input Text" owner="SeleniumLibrary">
<msg time="2025-05-29T10:57:36.331056" level="INFO">Typing text 'Demosubheading' into text field '//input[@name='subHeading']'.</msg>
<arg>${sub_heading}</arg>
<arg>Demosubheading</arg>
<doc>Types the given ``text`` into the text field identified by ``locator``.</doc>
<status status="PASS" start="2025-05-29T10:57:36.330525" elapsed="0.404188"/>
</kw>
<kw name="Input Text" owner="SeleniumLibrary">
<msg time="2025-05-29T10:57:36.735238" level="INFO">Typing text 'This is demo feature title' into text field '//input[@name='title']'.</msg>
<arg>${feature_title}</arg>
<arg>This is demo feature title</arg>
<doc>Types the given ``text`` into the text field identified by ``locator``.</doc>
<status status="PASS" start="2025-05-29T10:57:36.734920" elapsed="0.629020"/>
</kw>
<kw name="Input Text" owner="SeleniumLibrary">
<msg time="2025-05-29T10:57:37.364429" level="INFO">Typing text 'Demo description' into text field '//textarea[@name="description"]'.</msg>
<arg>${demo_desc}</arg>
<arg>Demo description</arg>
<doc>Types the given ``text`` into the text field identified by ``locator``.</doc>
<status status="PASS" start="2025-05-29T10:57:37.364151" elapsed="0.435856"/>
</kw>
<arg>${heading}</arg>
<arg>${sub_heading}</arg>
<arg>${feature_title}</arg>
<status status="PASS" start="2025-05-29T10:57:35.955512" elapsed="1.844623"/>
</kw>
<kw name="Upload Image File" owner="ServicesAbout">
<kw name="Set Variable" owner="BuiltIn">
<msg time="2025-05-29T10:57:37.801580" level="INFO">${upload_input} = xpath://input[@type='file']</msg>
<var>${upload_input}</var>
<arg>xpath://input[@type='file']</arg>
<doc>Returns the given values which can then be assigned to a variables.</doc>
<status status="PASS" start="2025-05-29T10:57:37.801316" elapsed="0.000328"/>
</kw>
<kw name="Choose File" owner="SeleniumLibrary">
<msg time="2025-05-29T10:57:37.802261" level="INFO">Sending C:\Agile-Avengers\Team-Agile_Avengers\Smartcliff_AA\Resourcers\Images\image.png to browser.</msg>
<arg>${upload_input}</arg>
<arg>${img_path}</arg>
<doc>Inputs the ``file_path`` into the file input field ``locator``.</doc>
<status status="PASS" start="2025-05-29T10:57:37.801863" elapsed="0.054403"/>
</kw>
<kw name="Sleep" owner="BuiltIn">
<msg time="2025-05-29T10:57:42.857204" level="INFO">Slept 5 seconds.</msg>
<arg>5</arg>
<doc>Pauses the test executed for the given time.</doc>
<status status="PASS" start="2025-05-29T10:57:37.856507" elapsed="5.000975"/>
</kw>
<kw name="Click Button" owner="SeleniumLibrary">
<msg time="2025-05-29T10:57:42.858413" level="INFO">Clicking button '//button[contains(text(),'Submit Data')]'.</msg>
<arg>${submit_btn}</arg>
<doc>Clicks the button identified by ``locator``.</doc>
<status status="PASS" start="2025-05-29T10:57:42.857906" elapsed="0.150716"/>
</kw>
<arg>${img}</arg>
<arg>${img_path}</arg>
<status status="PASS" start="2025-05-29T10:57:37.800670" elapsed="5.208088"/>
</kw>
<kw name="Set Selenium Implicit Wait" owner="SeleniumLibrary">
<arg>10s</arg>
<doc>Sets the implicit wait value used by Selenium.</doc>
<status status="PASS" start="2025-05-29T10:57:43.009268" elapsed="0.001430"/>
</kw>
<kw name="verify the data added" owner="ServicesAbout">
<kw name="Page Should Contain" owner="SeleniumLibrary">
<msg time="2025-05-29T10:57:50.385096" level="INFO">Current page contains text 'DemoHeading'.</msg>
<arg>DemoHeading</arg>
<doc>Verifies that current page contains ``text``.</doc>
<status status="PASS" start="2025-05-29T10:57:43.011617" elapsed="7.373624"/>
</kw>
<status status="PASS" start="2025-05-29T10:57:43.011160" elapsed="7.374256"/>
</kw>
<kw name="Close Browser Session" owner="GenericResources" type="TEARDOWN">
<kw name="Close All Browsers" owner="SeleniumLibrary">
<doc>Closes all open browsers and resets the browser cache.</doc>
<status status="PASS" start="2025-05-29T10:57:50.386738" elapsed="2.332313"/>
</kw>
<status status="PASS" start="2025-05-29T10:57:50.386376" elapsed="2.333147"/>
</kw>
<status status="PASS" start="2025-05-29T10:57:23.791430" elapsed="28.928840"/>
</test>
<test id="s1-t4" name="Verify you can edit the data" line="32">
<kw name="Open the website with the browser" owner="GenericResources" type="SETUP">
<kw name="Open Browser" owner="SeleniumLibrary">
<msg time="2025-05-29T10:57:52.727187" level="INFO">Opening browser 'chrome' to base url 'https://smart-cliff-admin.vercel.app/'.</msg>
<arg>${url}</arg>
<arg>${browser}</arg>
<doc>Opens a new browser instance to the optional ``url``.</doc>
<status status="PASS" start="2025-05-29T10:57:52.726392" elapsed="3.950904"/>
</kw>
<kw name="Maximize Browser Window" owner="SeleniumLibrary">
<doc>Maximizes current browser window.</doc>
<status status="PASS" start="2025-05-29T10:57:56.677672" elapsed="0.087042"/>
</kw>
<kw name="Set Browser Implicit Wait" owner="SeleniumLibrary">
<arg>10s</arg>
<doc>Sets the implicit wait value used by Selenium.</doc>
<status status="PASS" start="2025-05-29T10:57:56.764976" elapsed="0.001980"/>
</kw>
<kw name="Set Selenium Implicit Wait" owner="SeleniumLibrary">
<arg>10s</arg>
<doc>Sets the implicit wait value used by Selenium.</doc>
<status status="PASS" start="2025-05-29T10:57:56.767292" elapsed="0.001524"/>
</kw>
<status status="PASS" start="2025-05-29T10:57:52.725304" elapsed="4.043676"/>
</kw>
<kw name="Login with valid credentials" owner="LoginPage">
<kw name="Input Text" owner="SeleniumLibrary">
<msg time="2025-05-29T10:57:56.770791" level="INFO">Typing text '2k21eee09@kiot.ac.in' into text field 'css:input[id='signin-email']'.</msg>
<arg>${user_email_field}</arg>
<arg>${common_user}</arg>
<doc>Types the given ``text`` into the text field identified by ``locator``.</doc>
<status status="PASS" start="2025-05-29T10:57:56.770342" elapsed="0.440667"/>
</kw>
<kw name="Input Password" owner="SeleniumLibrary">
<msg time="2025-05-29T10:57:57.211563" level="INFO">Typing password into text field 'css:input[id='signin-password']'.</msg>
<msg time="2025-05-29T10:57:57.398224" level="INFO">Temporally setting log level to: NONE</msg>
<arg>${user_password}</arg>
<arg>${common_password}</arg>
<doc>Types the given password into the text field identified by ``locator``.</doc>
<status status="PASS" start="2025-05-29T10:57:57.211270" elapsed="0.358871"/>
</kw>
<kw name="Click Button" owner="SeleniumLibrary">
<msg time="2025-05-29T10:57:57.570957" level="INFO">Clicking button 'css:button[id='signin-submit']'.</msg>
<arg>${login_btn}</arg>
<doc>Clicks the button identified by ``locator``.</doc>
<status status="PASS" start="2025-05-29T10:57:57.570572" elapsed="0.155467"/>
</kw>
<arg>${common_user}</arg>
<arg>${common_password}</arg>
<status status="PASS" start="2025-05-29T10:57:56.769587" elapsed="0.956680"/>
</kw>
<kw name="Open the Services About page" owner="ServicesAbout">
<kw name="Click the Home Button" owner="HomePage">
<kw name="Click Element" owner="SeleniumLibrary">
<msg time="2025-05-29T10:57:57.729401" level="INFO">Clicking element 'css:svg[data-testid='MenuIcon']'.</msg>
<arg>${Home_Btn}</arg>
<doc>Click the element identified by ``locator``.</doc>
<status status="PASS" start="2025-05-29T10:57:57.729034" elapsed="6.210934"/>
</kw>
<status status="PASS" start="2025-05-29T10:57:57.728611" elapsed="6.211577"/>
</kw>
<kw name="Click the Service Button" owner="HomePage">
<kw name="Click Element" owner="SeleniumLibrary">
<msg time="2025-05-29T10:58:03.941372" level="INFO">Clicking element 'xpath://div[@id='drawer']/div/ul/li[2]//following-sibling::li[1]/div[1]'.</msg>
<arg>${service_Btn}</arg>
<doc>Click the element identified by ``locator``.</doc>
<status status="PASS" start="2025-05-29T10:58:03.941055" elapsed="0.157627"/>
</kw>
<status status="PASS" start="2025-05-29T10:58:03.940579" elapsed="0.158328"/>
</kw>
<kw name="Click the Service About" owner="HomePage">
<kw name="Click Element" owner="SeleniumLibrary">
<msg time="2025-05-29T10:58:04.102055" level="INFO">Clicking element 'xpath://div[@id='drawer']/div/ul/li[2]//following-sibling::li[1]/div[2]/div/div/div/div[3]'.</msg>
<arg>${service_about}</arg>
<doc>Click the element identified by ``locator``.</doc>
<status status="PASS" start="2025-05-29T10:58:04.101434" elapsed="0.245416"/>
</kw>
<status status="PASS" start="2025-05-29T10:58:04.100075" elapsed="0.246908"/>
</kw>
<status status="PASS" start="2025-05-29T10:57:57.728000" elapsed="6.619070"/>
</kw>
<kw name="Click on the edit button" owner="ServicesAbout">
<kw name="Click Button" owner="SeleniumLibrary">
<msg time="2025-05-29T10:58:04.349637" level="INFO">Clicking button '(//div[@class='MuiBox-root css-1i27l4i'])[5]//button[1]'.</msg>
<arg>${edit_btn}</arg>
<doc>Clicks the button identified by ``locator``.</doc>
<status status="PASS" start="2025-05-29T10:58:04.348439" elapsed="1.998022"/>
</kw>
<status status="PASS" start="2025-05-29T10:58:04.347501" elapsed="1.999190"/>
</kw>
<kw name="Edit the value of the feature title" owner="ServicesAbout">
<kw name="Press Keys" owner="SeleniumLibrary">
<msg time="2025-05-29T10:58:06.358028" level="INFO">Sending key(s) ('CTRL+A',) to //input[@name='title'] element.</msg>
<msg time="2025-05-29T10:58:08.604400" level="INFO">Pressing special key CONTROL down.</msg>
<msg time="2025-05-29T10:58:08.604539" level="INFO">Sending key A</msg>
<msg time="2025-05-29T10:58:08.604638" level="INFO">Releasing special key CONTROL.</msg>
<arg>${feature_title}</arg>
<arg>CTRL+A</arg>
<doc>Simulates the user pressing key(s) to an element or on the active browser.</doc>
<status status="PASS" start="2025-05-29T10:58:06.357352" elapsed="2.280425"/>
</kw>
<kw name="Press Keys" owner="SeleniumLibrary">
<msg time="2025-05-29T10:58:08.638677" level="INFO">Sending key(s) ('BACKSPACE',) to //input[@name='title'] element.</msg>
<msg time="2025-05-29T10:58:08.948497" level="INFO">Pressing special key BACKSPACE to element.</msg>
<msg time="2025-05-29T10:58:08.948880" level="INFO">Releasing special key BACKSPACE.</msg>
<arg>${feature_title}</arg>
<arg>BACKSPACE</arg>
<doc>Simulates the user pressing key(s) to an element or on the active browser.</doc>
<status status="PASS" start="2025-05-29T10:58:08.638043" elapsed="0.384686"/>
</kw>
<kw name="Input Text" owner="SeleniumLibrary">
<msg time="2025-05-29T10:58:09.023247" level="INFO">Typing text 'This is edited feature title' into text field '//input[@name='title']'.</msg>
<arg>${feature_title}</arg>
<arg>This is edited feature title</arg>
<doc>Types the given ``text`` into the text field identified by ``locator``.</doc>
<status status="PASS" start="2025-05-29T10:58:09.022970" elapsed="0.679514"/>
</kw>
<status status="PASS" start="2025-05-29T10:58:06.356766" elapsed="3.345893"/>
</kw>
<kw name="Set Selenium Implicit Wait" owner="SeleniumLibrary">
<arg>5</arg>
<doc>Sets the implicit wait value used by Selenium.</doc>
<status status="PASS" start="2025-05-29T10:58:09.703100" elapsed="0.001953"/>
</kw>
<kw name="Click on update button" owner="ServicesAbout">
<kw name="Click Button" owner="SeleniumLibrary">
<msg time="2025-05-29T10:58:09.706450" level="INFO">Clicking button '//button[contains(text(),'Update Service')]'.</msg>
<arg>${update_btn}</arg>
<doc>Clicks the button identified by ``locator``.</doc>
<status status="PASS" start="2025-05-29T10:58:09.706143" elapsed="0.148630"/>
</kw>
<status status="PASS" start="2025-05-29T10:58:09.705671" elapsed="0.149233"/>
</kw>
<kw name="verify page is updated" owner="ServicesAbout">
<kw name="Set Selenium Implicit Wait" owner="SeleniumLibrary">
<arg>5</arg>
<doc>Sets the implicit wait value used by Selenium.</doc>
<status status="PASS" start="2025-05-29T10:58:09.855750" elapsed="0.001129"/>
</kw>
<kw name="Page Should Contain" owner="SeleniumLibrary">
<msg time="2025-05-29T10:58:20.123900" level="INFO" html="true">&lt;/td&gt;&lt;/tr&gt;&lt;tr&gt;&lt;td colspan="3"&gt;&lt;a href="selenium-screenshot-25.png"&gt;&lt;img src="selenium-screenshot-25.png" width="800px"&gt;&lt;/a&gt;</msg>
<msg time="2025-05-29T10:58:20.124212" level="FAIL">Page should have contained text 'This is edited feature file' but did not.</msg>
<arg>This is edited feature file</arg>
<doc>Verifies that current page contains ``text``.</doc>
<status status="FAIL" start="2025-05-29T10:58:09.857055" elapsed="10.288211">Page should have contained text 'This is edited feature file' but did not.</status>
</kw>
<status status="FAIL" start="2025-05-29T10:58:09.855326" elapsed="10.290136">Page should have contained text 'This is edited feature file' but did not.</status>
</kw>
<kw name="Close Browser Session" owner="GenericResources" type="TEARDOWN">
<kw name="Close All Browsers" owner="SeleniumLibrary">
<doc>Closes all open browsers and resets the browser cache.</doc>
<status status="PASS" start="2025-05-29T10:58:20.146757" elapsed="2.278298"/>
</kw>
<status status="PASS" start="2025-05-29T10:58:20.146107" elapsed="2.279617"/>
</kw>
<status status="FAIL" start="2025-05-29T10:57:52.723582" elapsed="29.704535">Page should have contained text 'This is edited feature file' but did not.</status>
</test>
<test id="s1-t5" name="Verify you can delete the data" line="41">
<kw name="Open the website with the browser" owner="GenericResources" type="SETUP">
<kw name="Open Browser" owner="SeleniumLibrary">
<msg time="2025-05-29T10:58:22.437556" level="INFO">Opening browser 'chrome' to base url 'https://smart-cliff-admin.vercel.app/'.</msg>
<arg>${url}</arg>
<arg>${browser}</arg>
<doc>Opens a new browser instance to the optional ``url``.</doc>
<status status="PASS" start="2025-05-29T10:58:22.437155" elapsed="3.093034"/>
</kw>
<kw name="Maximize Browser Window" owner="SeleniumLibrary">
<doc>Maximizes current browser window.</doc>
<status status="PASS" start="2025-05-29T10:58:25.530570" elapsed="0.054822"/>
</kw>
<kw name="Set Browser Implicit Wait" owner="SeleniumLibrary">
<arg>10s</arg>
<doc>Sets the implicit wait value used by Selenium.</doc>
<status status="PASS" start="2025-05-29T10:58:25.585634" elapsed="0.001574"/>
</kw>
<kw name="Set Selenium Implicit Wait" owner="SeleniumLibrary">
<arg>10s</arg>
<doc>Sets the implicit wait value used by Selenium.</doc>
<status status="PASS" start="2025-05-29T10:58:25.587660" elapsed="0.001897"/>
</kw>
<status status="PASS" start="2025-05-29T10:58:22.436608" elapsed="3.153096"/>
</kw>
<kw name="Login with valid credentials" owner="LoginPage">
<kw name="Input Text" owner="SeleniumLibrary">
<msg time="2025-05-29T10:58:25.592350" level="INFO">Typing text '2k21eee09@kiot.ac.in' into text field 'css:input[id='signin-email']'.</msg>
<arg>${user_email_field}</arg>
<arg>${common_user}</arg>
<doc>Types the given ``text`` into the text field identified by ``locator``.</doc>
<status status="PASS" start="2025-05-29T10:58:25.591141" elapsed="0.458985"/>
</kw>
<kw name="Input Password" owner="SeleniumLibrary">
<msg time="2025-05-29T10:58:26.050800" level="INFO">Typing password into text field 'css:input[id='signin-password']'.</msg>
<msg time="2025-05-29T10:58:26.215956" level="INFO">Temporally setting log level to: NONE</msg>
<arg>${user_password}</arg>
<arg>${common_password}</arg>
<doc>Types the given password into the text field identified by ``locator``.</doc>
<status status="PASS" start="2025-05-29T10:58:26.050476" elapsed="0.340964"/>
</kw>
<kw name="Click Button" owner="SeleniumLibrary">
<msg time="2025-05-29T10:58:26.391864" level="INFO">Clicking button 'css:button[id='signin-submit']'.</msg>
<arg>${login_btn}</arg>
<doc>Clicks the button identified by ``locator``.</doc>
<status status="PASS" start="2025-05-29T10:58:26.391640" elapsed="0.195240"/>
</kw>
<arg>${common_user}</arg>
<arg>${common_password}</arg>
<status status="PASS" start="2025-05-29T10:58:25.590347" elapsed="0.996714"/>
</kw>
<kw name="Open the Services About page" owner="ServicesAbout">
<kw name="Click the Home Button" owner="HomePage">
<kw name="Click Element" owner="SeleniumLibrary">
<msg time="2025-05-29T10:58:26.589539" level="INFO">Clicking element 'css:svg[data-testid='MenuIcon']'.</msg>
<arg>${Home_Btn}</arg>
<doc>Click the element identified by ``locator``.</doc>
<status status="PASS" start="2025-05-29T10:58:26.588732" elapsed="4.042577"/>
</kw>
<status status="PASS" start="2025-05-29T10:58:26.588250" elapsed="4.043327"/>
</kw>
<kw name="Click the Service Button" owner="HomePage">
<kw name="Click Element" owner="SeleniumLibrary">
<msg time="2025-05-29T10:58:30.632994" level="INFO">Clicking element 'xpath://div[@id='drawer']/div/ul/li[2]//following-sibling::li[1]/div[1]'.</msg>
<arg>${service_Btn}</arg>
<doc>Click the element identified by ``locator``.</doc>
<status status="PASS" start="2025-05-29T10:58:30.632608" elapsed="0.178738"/>
</kw>
<status status="PASS" start="2025-05-29T10:58:30.631983" elapsed="0.179577"/>
</kw>
<kw name="Click the Service About" owner="HomePage">
<kw name="Click Element" owner="SeleniumLibrary">
<msg time="2025-05-29T10:58:30.812783" level="INFO">Clicking element 'xpath://div[@id='drawer']/div/ul/li[2]//following-sibling::li[1]/div[2]/div/div/div/div[3]'.</msg>
<arg>${service_about}</arg>
<doc>Click the element identified by ``locator``.</doc>
<status status="PASS" start="2025-05-29T10:58:30.812439" elapsed="0.269957"/>
</kw>
<status status="PASS" start="2025-05-29T10:58:30.811898" elapsed="0.270636"/>
</kw>
<status status="PASS" start="2025-05-29T10:58:26.587580" elapsed="4.495039"/>
</kw>
<kw name="Click the delete button" owner="ServicesAbout">
<kw name="Click Button" owner="SeleniumLibrary">
<msg time="2025-05-29T10:58:31.084231" level="INFO">Clicking button '(//button[@aria-label='Delete'])[5]'.</msg>
<arg>${delete_btn}</arg>
<doc>Clicks the button identified by ``locator``.</doc>
<status status="PASS" start="2025-05-29T10:58:31.083632" elapsed="1.115292"/>
</kw>
<status status="PASS" start="2025-05-29T10:58:31.083037" elapsed="1.116047"/>
</kw>
<kw name="click confirm delete" owner="ServicesAbout">
<kw name="Click Element" owner="SeleniumLibrary">
<msg time="2025-05-29T10:58:32.203114" level="INFO">Clicking element '//button[contains(text(),'Delete')]'.</msg>
<arg>${confirm_dlt}</arg>
<doc>Click the element identified by ``locator``.</doc>
<status status="PASS" start="2025-05-29T10:58:32.202586" elapsed="0.102602"/>
</kw>
<status status="PASS" start="2025-05-29T10:58:32.201538" elapsed="0.103769"/>
</kw>
<kw name="Set Selenium Implicit Wait" owner="SeleniumLibrary">
<arg>5</arg>
<doc>Sets the implicit wait value used by Selenium.</doc>
<status status="PASS" start="2025-05-29T10:58:32.305707" elapsed="0.001109"/>
</kw>
<kw name="verify the data deleted" owner="ServicesAbout">
<kw name="Page Should Not Contain" owner="SeleniumLibrary">
<msg time="2025-05-29T10:58:32.581555" level="INFO" html="true">&lt;/td&gt;&lt;/tr&gt;&lt;tr&gt;&lt;td colspan="3"&gt;&lt;a href="selenium-screenshot-26.png"&gt;&lt;img src="selenium-screenshot-26.png" width="800px"&gt;&lt;/a&gt;</msg>
<msg time="2025-05-29T10:58:32.581816" level="FAIL">Page should not have contained text 'DemoHeading'.</msg>
<arg>DemoHeading</arg>
<doc>Verifies the current page does not contain ``text``.</doc>
<status status="FAIL" start="2025-05-29T10:58:32.307468" elapsed="0.277005">Page should not have contained text 'DemoHeading'.</status>
</kw>
<status status="FAIL" start="2025-05-29T10:58:32.307190" elapsed="0.277603">Page should not have contained text 'DemoHeading'.</status>
</kw>
<kw name="Close Browser Session" owner="GenericResources" type="TEARDOWN">
<kw name="Close All Browsers" owner="SeleniumLibrary">
<doc>Closes all open browsers and resets the browser cache.</doc>
<status status="PASS" start="2025-05-29T10:58:32.585806" elapsed="3.315873"/>
</kw>
<status status="PASS" start="2025-05-29T10:58:32.585488" elapsed="3.316414"/>
</kw>
<status status="FAIL" start="2025-05-29T10:58:22.433788" elapsed="13.468623">Page should not have contained text 'DemoHeading'.</status>
</test>
<doc>This file is for testing the services about functionality</doc>
<status status="FAIL" start="2025-05-29T10:56:59.720299" elapsed="96.184466"/>
</suite>
<statistics>
<total>
<stat pass="3" fail="2" skip="0">All Tests</stat>
</total>
<tag>
</tag>
<suite>
<stat name="ServicesAboutTest" id="s1" pass="3" fail="2" skip="0">ServicesAboutTest</stat>
</suite>
</statistics>
<errors>
</errors>
</robot>
